<?xml version="1.0" encoding="UTF-8"?>
<!-- Generated by org.testng.reporters.JUnitReportReporter -->
<testsuite hostname="jd" failures="0" tests="2" name="test.Home.HomeTest" time="0.141" errors="0" timestamp="2023-10-30T22:19:35 CST" skipped="0">
  <testcase classname="test.Home.HomeTest" name="validateFaceBookLink" time="0.002"/>
  <system-out/>
  <testcase classname="test.Home.HomeTest" name="validateMountQuote" time="0.139"/>
  <system-out/>
</testsuite> <!-- test.Home.HomeTest -->
