<?xml version="1.0" encoding="UTF-8"?>
<!-- Generated by org.testng.reporters.JUnitReportReporter -->
<testsuite hostname="jd" failures="0" tests="2" name="test.Home.HomeTest" time="0.005" errors="0" timestamp="2023-10-29T20:36:16 CST" skipped="0">
  <testcase classname="test.Home.HomeTest" name="validateFaceBookLink" time="0.000"/>
  <system-out/>
  <testcase classname="test.Home.HomeTest" name="validateMountQuote" time="0.005"/>
  <system-out/>
</testsuite> <!-- test.Home.HomeTest -->
